Log file open, 06/05/22 22:44:40
LogWindows: Failed to load 'aqProf.dll' (GetLastError=126)
LogWindows: File 'aqProf.dll' does not exist
LogWindows: Failed to load 'VtuneApi.dll' (GetLastError=126)
LogWindows: File 'VtuneApi.dll' does not exist
LogWindows: Failed to load 'VtuneApi32e.dll' (GetLastError=126)
LogWindows: File 'VtuneApi32e.dll' does not exist
LogConsoleResponse: Display: Failed to find resolution value strings in scalability ini. Falling back to default.
LogInit: Display: Running engine for game: ZwiadSpecKolo
LogPlatformFile: Not using cached read wrapper
LogTaskGraph: Started task graph with 5 named threads and 47 total threads with 3 sets of task threads.
LogStats: Stats thread started at 0.052864
LogD3D11RHI: Loaded GFSDK_Aftermath_Lib.x64.dll
LogICUInternationalization: ICU TimeZone Detection - Raw Offset: +1:00, Platform Override: ''
LogPluginManager: Mounting plugin Paper2D
LogPluginManager: Mounting plugin AISupport
LogPluginManager: Mounting plugin LightPropagationVolume
LogPluginManager: Mounting plugin ActorLayerUtilities
LogPluginManager: Mounting plugin AnimationSharing
LogPluginManager: Mounting plugin CLionSourceCodeAccess
LogPluginManager: Mounting plugin CodeLiteSourceCodeAccess
LogPluginManager: Mounting plugin GitSourceControl
LogPluginManager: Mounting plugin KDevelopSourceCodeAccess
LogPluginManager: Mounting plugin NullSourceCodeAccess
LogPluginManager: Mounting plugin PerforceSourceControl
LogPluginManager: Mounting plugin PlasticSourceControl
LogPluginManager: Mounting plugin SubversionSourceControl
LogPluginManager: Mounting plugin UObjectPlugin
LogPluginManager: Mounting plugin VisualStudioCodeSourceCodeAccess
LogPluginManager: Mounting plugin VisualStudioSourceCodeAccess
LogPluginManager: Mounting plugin XCodeSourceCodeAccess
LogPluginManager: Mounting plugin AssetManagerEditor
LogPluginManager: Mounting plugin CryptoKeys
LogPluginManager: Mounting plugin CurveEditorTools
LogPluginManager: Mounting plugin DataValidation
LogPluginManager: Mounting plugin FacialAnimation
LogPluginManager: Mounting plugin GameplayTagsEditor
LogPluginManager: Mounting plugin MacGraphicsSwitching
LogPluginManager: Mounting plugin MaterialAnalyzer
LogPluginManager: Mounting plugin MobileLauncherProfileWizard
LogPluginManager: Mounting plugin PluginBrowser
LogPluginManager: Mounting plugin SpeedTreeImporter
LogPluginManager: Mounting plugin DatasmithContent
LogPluginManager: Mounting plugin VariantManagerContent
LogPluginManager: Mounting plugin AlembicImporter
LogPluginManager: Mounting plugin AutomationUtils
LogPluginManager: Mounting plugin BackChannel
LogPluginManager: Mounting plugin CharacterAI
LogPluginManager: Mounting plugin GeometryCache
LogPluginManager: Mounting plugin PlatformCrypto
LogPluginManager: Mounting plugin ProxyLODPlugin
LogPluginManager: Mounting plugin SkeletalReduction
LogPluginManager: Mounting plugin MagicLeap
LogPluginManager: Mounting plugin MagicLeapMedia
LogPluginManager: Mounting plugin MLSDK
LogPluginManager: Mounting plugin AndroidMedia
LogPluginManager: Mounting plugin AvfMedia
LogPluginManager: Mounting plugin ImgMedia
LogPluginManager: Mounting plugin MediaCompositing
LogPluginManager: Mounting plugin MediaPlayerEditor
LogPluginManager: Mounting plugin WebMMedia
LogPluginManager: Mounting plugin WmfMedia
LogPluginManager: Mounting plugin TcpMessaging
LogPluginManager: Mounting plugin UdpMessaging
LogPluginManager: Mounting plugin ActorSequence
LogPluginManager: Mounting plugin LevelSequenceEditor
LogPluginManager: Mounting plugin MatineeToLevelSequence
LogPluginManager: Mounting plugin NetcodeUnitTest
LogPluginManager: Mounting plugin NUTUnrealEngine4
LogPluginManager: Mounting plugin OnlineSubsystemGooglePlay
LogPluginManager: Mounting plugin OnlineSubsystemIOS
LogPluginManager: Mounting plugin OnlineSubsystem
LogPluginManager: Mounting plugin OnlineSubsystemNull
LogPluginManager: Mounting plugin OnlineSubsystemUtils
LogPluginManager: Mounting plugin LauncherChunkInstaller
LogPluginManager: Mounting plugin AndroidDeviceProfileSelector
LogPluginManager: Mounting plugin AndroidMoviePlayer
LogPluginManager: Mounting plugin AndroidPermission
LogPluginManager: Mounting plugin AppleImageUtils
LogPluginManager: Mounting plugin AppleMoviePlayer
LogPluginManager: Mounting plugin ArchVisCharacter
LogPluginManager: Mounting plugin AssetTags
LogPluginManager: Mounting plugin AudioCapture
LogPluginManager: Mounting plugin CableComponent
LogPluginManager: Mounting plugin CustomMeshComponent
LogPluginManager: Mounting plugin EditableMesh
LogPluginManager: Mounting plugin ExampleDeviceProfileSelector
LogPluginManager: Mounting plugin GoogleCloudMessaging
LogPluginManager: Mounting plugin IOSDeviceProfileSelector
LogPluginManager: Mounting plugin LinuxDeviceProfileSelector
LogPluginManager: Mounting plugin LocationServicesBPLibrary
LogPluginManager: Mounting plugin MobilePatchingUtils
LogPluginManager: Mounting plugin OculusVR
LogPluginManager: Mounting plugin PhysXVehicles
LogPluginManager: Mounting plugin PostSplashScreen
LogPluginManager: Mounting plugin ProceduralMeshComponent
LogPluginManager: Mounting plugin RuntimePhysXCooking
LogPluginManager: Mounting plugin SignificanceManager
LogPluginManager: Mounting plugin SteamVR
LogPluginManager: Mounting plugin WebMMoviePlayer
LogPluginManager: Mounting plugin WindowsMoviePlayer
LogPluginManager: Mounting plugin ScreenshotTools
LogInit: Using libcurl 7.55.1-DEV
LogInit:  - built for x86_64-pc-win32
LogInit:  - supports SSL with OpenSSL/1.1.1
LogInit:  - supports HTTP deflate (compression) using libz 1.2.8
LogInit:  - other features:
LogInit:      CURL_VERSION_SSL
LogInit:      CURL_VERSION_LIBZ
LogInit:      CURL_VERSION_IPV6
LogInit:      CURL_VERSION_ASYNCHDNS
LogInit:      CURL_VERSION_LARGEFILE
LogInit:      CURL_VERSION_IDN
LogInit:  CurlRequestOptions (configurable via config and command line):
LogInit:  - bVerifyPeer = true  - Libcurl will verify peer certificate
LogInit:  - bUseHttpProxy = false  - Libcurl will NOT use HTTP proxy
LogInit:  - bDontReuseConnections = false  - Libcurl will reuse connections
LogInit:  - MaxHostConnections = 16  - Libcurl will limit the number of connections to a host
LogInit:  - LocalHostAddr = Default
LogInit:  - BufferSize = 65536
LogOnline: OSS: Creating online subsystem instance for: NULL
LogInit: WinSock: version 1.1 (2.2), MaxSocks=32767, MaxUdp=65467
LogOnline: OSS: TryLoadSubsystemAndSetDefault: Loaded subsystem for module [NULL]
LogHMD: Failed initializing OVRPlugin 1.40.0
LogInit: Build: ++UE4+Release-4.24-CL-11590370
LogInit: Engine Version: 4.24.3-11590370+++UE4+Release-4.24
LogInit: Compatible Engine Version: 4.24.0-10570792+++UE4+Release-4.24
LogInit: Net CL: 10570792
LogInit: OS: Windows 10 (Release 2009) (), CPU: Intel(R) Core(TM) i9-9900K CPU @ 3.60GHz, GPU: NVIDIA GeForce RTX 2080
LogInit: Compiled (64-bit): Feb 24 2020 15:39:18
LogInit: Compiled with Visual C++: 19.16.27032.01
LogInit: Build Configuration: Development
LogInit: Branch Name: ++UE4+Release-4.24
LogInit: Command Line: 
LogInit: Base Directory: F:/Dane/EpicProgram/UE_4.24/Engine/Binaries/Win64/
LogInit: Installed Engine Build: 1
LogDevObjectVersion: Number of dev versions registered: 25
LogDevObjectVersion:   Dev-Blueprints (B0D832E4-1F89-4F0D-ACCF-7EB736FD4AA2): 10
LogDevObjectVersion:   Dev-Build (E1C64328-A22C-4D53-A36C-8E866417BD8C): 0
LogDevObjectVersion:   Dev-Core (375EC13C-06E4-48FB-B500-84F0262A717E): 3
LogDevObjectVersion:   Dev-Editor (E4B068ED-F494-42E9-A231-DA0B2E46BB41): 37
LogDevObjectVersion:   Dev-Framework (CFFC743F-43B0-4480-9391-14DF171D2073): 36
LogDevObjectVersion:   Dev-Mobile (B02B49B5-BB20-44E9-A304-32B752E40360): 2
LogDevObjectVersion:   Dev-Networking (A4E4105C-59A1-49B5-A7C5-40C4547EDFEE): 0
LogDevObjectVersion:   Dev-Online (39C831C9-5AE6-47DC-9A44-9C173E1C8E7C): 0
LogDevObjectVersion:   Dev-Physics (78F01B33-EBEA-4F98-B9B4-84EACCB95AA2): 2
LogDevObjectVersion:   Dev-Platform (6631380F-2D4D-43E0-8009-CF276956A95A): 0
LogDevObjectVersion:   Dev-Rendering (12F88B9F-8875-4AFC-A67C-D90C383ABD29): 36
LogDevObjectVersion:   Dev-Sequencer (7B5AE74C-D270-4C10-A958-57980B212A5A): 11
LogDevObjectVersion:   Dev-VR (D7296918-1DD6-4BDD-9DE2-64A83CC13884): 2
LogDevObjectVersion:   Dev-LoadTimes (C2A15278-BFE7-4AFE-6C17-90FF531DF755): 1
LogDevObjectVersion:   Private-Geometry (6EACA3D4-40EC-4CC1-B786-8BED09428FC5): 3
LogDevObjectVersion:   Dev-AnimPhys (29E575DD-E0A3-4627-9D10-D276232CDCEA): 17
LogDevObjectVersion:   Dev-Anim (AF43A65D-7FD3-4947-9873-3E8ED9C1BB05): 2
LogDevObjectVersion:   Dev-ReflectionCapture (6B266CEC-1EC7-4B8F-A30B-E4D90942FC07): 1
LogDevObjectVersion:   Dev-Automation (0DF73D61-A23F-47EA-B727-89E90C41499A): 1
LogDevObjectVersion:   FortniteMain (601D1886-AC64-4F84-AA16-D3DE0DEAC7D6): 31
LogDevObjectVersion:   Dev-Enterprise (9DFFBCD6-494F-0158-E221-12823C92A888): 8
LogDevObjectVersion:   Dev-Niagara (F2AED0AC-9AFE-416F-8664-AA7FFA26D6FC): 1
LogDevObjectVersion:   Dev-Destruction (174F1F0B-B4C6-45A5-B13F-2EE8D0FB917D): 9
LogDevObjectVersion:   Dev-Physics-Ext (35F94A83-E258-406C-A318-09F59610247C): 8
LogDevObjectVersion:   Dev-CineCamera (B2E18506-4273-CFC2-A54E-F4BB758BBA07): 1
LogInit: Presizing for max 25165824 objects, including 0 objects not considered by GC, pre-allocating 0 bytes for permanent pool.
LogInit: Object subsystem initialized
LogConfig: Setting CVar [[con.DebugEarlyDefault:1]]
LogConfig: Setting CVar [[r.setres:1280x720]]
[2022.06.05-20.44.41:256][  0]LogConfig: Setting CVar [[r.VSync:0]]
[2022.06.05-20.44.41:256][  0]LogConfig: Setting CVar [[r.RHICmdBypass:0]]
[2022.06.05-20.44.41:256][  0]LogConfig: Applying CVar settings from Section [/Script/Engine.RendererSettings] File [F:/Dane/EpicProjects/ZwiadSpecKolo/Saved/Config/Windows/Engine.ini]
[2022.06.05-20.44.41:256][  0]LogConfig: Setting CVar [[r.GPUCrashDebugging:0]]
[2022.06.05-20.44.41:256][  0]LogConfig: Setting CVar [[r.MobileHDR:1]]
[2022.06.05-20.44.41:256][  0]LogConfig: Setting CVar [[r.Mobile.DisableVertexFog:1]]
[2022.06.05-20.44.41:256][  0]LogConfig: Setting CVar [[r.Shadow.CSM.MaxMobileCascades:2]]
[2022.06.05-20.44.41:256][  0]LogConfig: Setting CVar [[r.MobileMSAA:1]]
[2022.06.05-20.44.41:256][  0]LogConfig: Setting CVar [[r.Mobile.UseLegacyShadingModel:0]]
[2022.06.05-20.44.41:256][  0]LogConfig: Setting CVar [[r.Mobile.UseHWsRGBEncoding:0]]
[2022.06.05-20.44.41:256][  0]LogConfig: Setting CVar [[r.Mobile.AllowDitheredLODTransition:0]]
[2022.06.05-20.44.41:256][  0]LogConfig: Setting CVar [[r.Mobile.AllowSoftwareOcclusion:0]]
[2022.06.05-20.44.41:256][  0]LogConfig: Setting CVar [[r.DiscardUnusedQuality:0]]
[2022.06.05-20.44.41:256][  0]LogConfig: Setting CVar [[r.AllowOcclusionQueries:1]]
[2022.06.05-20.44.41:256][  0]LogConfig: Setting CVar [[r.MinScreenRadiusForLights:0.030000]]
[2022.06.05-20.44.41:256][  0]LogConfig: Setting CVar [[r.MinScreenRadiusForDepthPrepass:0.030000]]
[2022.06.05-20.44.41:256][  0]LogConfig: Setting CVar [[r.MinScreenRadiusForCSMDepth:0.010000]]
[2022.06.05-20.44.41:256][  0]LogConfig: Setting CVar [[r.PrecomputedVisibilityWarning:0]]
[2022.06.05-20.44.41:256][  0]LogConfig: Setting CVar [[r.TextureStreaming:1]]
[2022.06.05-20.44.41:256][  0]LogConfig: Setting CVar [[Compat.UseDXT5NormalMaps:0]]
[2022.06.05-20.44.41:256][  0]LogConfig: Setting CVar [[r.VirtualTextures:0]]
[2022.06.05-20.44.41:256][  0]LogConfig: Setting CVar [[r.VirtualTexturedLightmaps:0]]
[2022.06.05-20.44.41:256][  0]LogConfig: Setting CVar [[r.VT.TileSize:128]]
[2022.06.05-20.44.41:256][  0]LogConfig: Setting CVar [[r.VT.TileBorderSize:4]]
[2022.06.05-20.44.41:256][  0]LogConfig: Setting CVar [[r.vt.FeedbackFactor:16]]
[2022.06.05-20.44.41:256][  0]LogConfig: Setting CVar [[r.VT.EnableCompressZlib:1]]
[2022.06.05-20.44.41:256][  0]LogConfig: Setting CVar [[r.VT.EnableCompressCrunch:0]]
[2022.06.05-20.44.41:256][  0]LogConfig: Setting CVar [[r.ClearCoatNormal:0]]
[2022.06.05-20.44.41:256][  0]LogConfig: Setting CVar [[r.ReflectionCaptureResolution:128]]
[2022.06.05-20.44.41:256][  0]LogConfig: Setting CVar [[r.ReflectionEnvironmentLightmapMixBasedOnRoughness:1]]
[2022.06.05-20.44.41:256][  0]LogConfig: Setting CVar [[r.ForwardShading:0]]
[2022.06.05-20.44.41:256][  0]LogConfig: Setting CVar [[r.VertexFoggingForOpaque:1]]
[2022.06.05-20.44.41:256][  0]LogConfig: Setting CVar [[r.AllowStaticLighting:1]]
[2022.06.05-20.44.41:256][  0]LogConfig: Setting CVar [[r.NormalMapsForStaticLighting:0]]
[2022.06.05-20.44.41:256][  0]LogConfig: Setting CVar [[r.GenerateMeshDistanceFields:0]]
[2022.06.05-20.44.41:256][  0]LogConfig: Setting CVar [[r.DistanceFieldBuild.EightBit:0]]
[2022.06.05-20.44.41:256][  0]LogConfig: Setting CVar [[r.GenerateLandscapeGIData:0]]
[2022.06.05-20.44.41:256][  0]LogConfig: Setting CVar [[r.DistanceFieldBuild.Compress:0]]
[2022.06.05-20.44.41:257][  0]LogConfig: Setting CVar [[r.TessellationAdaptivePixelsPerTriangle:48.000000]]
[2022.06.05-20.44.41:257][  0]LogConfig: Setting CVar [[r.SeparateTranslucency:1]]
[2022.06.05-20.44.41:257][  0]LogConfig: Setting CVar [[r.TranslucentSortPolicy:0]]
[2022.06.05-20.44.41:257][  0]LogConfig: Setting CVar [[r.CustomDepth:1]]
[2022.06.05-20.44.41:257][  0]LogConfig: Setting CVar [[r.CustomDepthTemporalAAJitter:1]]
[2022.06.05-20.44.41:257][  0]LogConfig: Setting CVar [[r.PostProcessing.PropagateAlpha:0]]
[2022.06.05-20.44.41:257][  0]LogConfig: Setting CVar [[r.DefaultFeature.Bloom:1]]
[2022.06.05-20.44.41:257][  0]LogConfig: Setting CVar [[r.DefaultFeature.AmbientOcclusion:1]]
[2022.06.05-20.44.41:257][  0]LogConfig: Setting CVar [[r.DefaultFeature.AmbientOcclusionStaticFraction:1]]
[2022.06.05-20.44.41:257][  0]LogConfig: Setting CVar [[r.DefaultFeature.AutoExposure:0]]
[2022.06.05-20.44.41:257][  0]LogConfig: Setting CVar [[r.DefaultFeature.AutoExposure.Method:0]]
[2022.06.05-20.44.41:257][  0]LogConfig: Setting CVar [[r.DefaultFeature.AutoExposure.ExtendDefaultLuminanceRange:0]]
[2022.06.05-20.44.41:257][  0]LogConfig: Setting CVar [[r.UsePreExposure:1]]
[2022.06.05-20.44.41:257][  0]LogConfig: Setting CVar [[r.EyeAdaptation.EditorOnly:1]]
[2022.06.05-20.44.41:257][  0]LogConfig: Setting CVar [[r.DefaultFeature.MotionBlur:0]]
[2022.06.05-20.44.41:257][  0]LogConfig: Setting CVar [[r.DefaultFeature.LensFlare:0]]
[2022.06.05-20.44.41:257][  0]LogConfig: Setting CVar [[r.TemporalAA.Upsampling:0]]
[2022.06.05-20.44.41:257][  0]LogConfig: Setting CVar [[r.SSGI.Enable:0]]
[2022.06.05-20.44.41:257][  0]LogConfig: Setting CVar [[r.DefaultFeature.AntiAliasing:0]]
[2022.06.05-20.44.41:257][  0]LogConfig: Setting CVar [[r.DefaultFeature.LightUnits:1]]
[2022.06.05-20.44.41:257][  0]LogConfig: Setting CVar [[r.DefaultBackBufferPixelFormat:4]]
[2022.06.05-20.44.41:257][  0]LogConfig: Setting CVar [[r.Shadow.UnbuiltPreviewInGame:1]]
[2022.06.05-20.44.41:257][  0]LogConfig: Setting CVar [[r.StencilForLODDither:0]]
[2022.06.05-20.44.41:257][  0]LogConfig: Setting CVar [[r.EarlyZPass:3]]
[2022.06.05-20.44.41:257][  0]LogConfig: Setting CVar [[r.EarlyZPassOnlyMaterialMasking:0]]
[2022.06.05-20.44.41:257][  0]LogConfig: Setting CVar [[r.DBuffer:1]]
[2022.06.05-20.44.41:257][  0]LogConfig: Setting CVar [[r.ClearSceneMethod:1]]
[2022.06.05-20.44.41:257][  0]LogConfig: Setting CVar [[r.BasePassOutputsVelocity:0]]
[2022.06.05-20.44.41:257][  0]LogConfig: Setting CVar [[r.SelectiveBasePassOutputs:0]]
[2022.06.05-20.44.41:257][  0]LogConfig: Setting CVar [[fx.GPUSimulationTextureSizeX:1024]]
[2022.06.05-20.44.41:257][  0]LogConfig: Setting CVar [[fx.GPUSimulationTextureSizeY:1024]]
[2022.06.05-20.44.41:257][  0]LogConfig: Setting CVar [[r.AllowGlobalClipPlane:0]]
[2022.06.05-20.44.41:257][  0]LogConfig: Setting CVar [[r.GBufferFormat:1]]
[2022.06.05-20.44.41:257][  0]LogConfig: Setting CVar [[r.MorphTarget.Mode:1]]
[2022.06.05-20.44.41:257][  0]LogConfig: Setting CVar [[vr.InstancedStereo:0]]
[2022.06.05-20.44.41:257][  0]LogConfig: Setting CVar [[vr.MultiView:0]]
[2022.06.05-20.44.41:257][  0]LogConfig: Setting CVar [[vr.MobileMultiView:0]]
[2022.06.05-20.44.41:257][  0]LogConfig: Setting CVar [[vr.MobileMultiView.Direct:0]]
[2022.06.05-20.44.41:257][  0]LogConfig: Setting CVar [[vr.RoundRobinOcclusion:0]]
[2022.06.05-20.44.41:257][  0]LogConfig: Setting CVar [[vr.ODSCapture:0]]
[2022.06.05-20.44.41:257][  0]LogConfig: Setting CVar [[r.WireframeCullThreshold:5.000000]]
[2022.06.05-20.44.41:257][  0]LogConfig: Setting CVar [[r.RayTracing:1]]
[2022.06.05-20.44.41:257][  0]LogConfig: Setting CVar [[r.RayTracing.UseTextureLod:0]]
[2022.06.05-20.44.41:257][  0]LogConfig: Setting CVar [[r.SupportStationarySkylight:1]]
[2022.06.05-20.44.41:257][  0]LogConfig: Setting CVar [[r.SupportLowQualityLightmaps:1]]
[2022.06.05-20.44.41:257][  0]LogConfig: Setting CVar [[r.SupportPointLightWholeSceneShadows:1]]
[2022.06.05-20.44.41:257][  0]LogConfig: Setting CVar [[r.SupportAtmosphericFog:1]]
[2022.06.05-20.44.41:257][  0]LogConfig: Setting CVar [[r.SupportSkyAtmosphere:1]]
[2022.06.05-20.44.41:257][  0]LogConfig: Setting CVar [[r.SupportSkyAtmosphereAffectsHeightFog:0]]
[2022.06.05-20.44.41:257][  0]LogConfig: Setting CVar [[r.SkinCache.CompileShaders:1]]
[2022.06.05-20.44.41:257][  0]LogConfig: Setting CVar [[r.Mobile.EnableStaticAndCSMShadowReceivers:1]]
[2022.06.05-20.44.41:257][  0]LogConfig: Setting CVar [[r.Mobile.EnableMovableLightCSMShaderCulling:1]]
[2022.06.05-20.44.41:257][  0]LogConfig: Setting CVar [[r.Mobile.AllowDistanceFieldShadows:1]]
[2022.06.05-20.44.41:257][  0]LogConfig: Setting CVar [[r.Mobile.AllowMovableDirectionalLights:1]]
[2022.06.05-20.44.41:257][  0]LogConfig: Setting CVar [[r.MobileNumDynamicPointLights:4]]
[2022.06.05-20.44.41:257][  0]LogConfig: Setting CVar [[r.MobileDynamicPointLightsUseStaticBranch:1]]
[2022.06.05-20.44.41:257][  0]LogConfig: Setting CVar [[r.Mobile.EnableMovableSpotlights:0]]
[2022.06.05-20.44.41:257][  0]LogConfig: Setting CVar [[r.SkinCache.SceneMemoryLimitInMB:128.000000]]
[2022.06.05-20.44.41:257][  0]LogConfig: Setting CVar [[r.GPUSkin.Limit2BoneInfluences:0]]
[2022.06.05-20.44.41:257][  0]LogConfig: Setting CVar [[r.SupportDepthOnlyIndexBuffers:1]]
[2022.06.05-20.44.41:257][  0]LogConfig: Setting CVar [[r.SupportReversedIndexBuffers:1]]
[2022.06.05-20.44.41:257][  0]LogConfig: Setting CVar [[r.SupportMaterialLayers:0]]
[2022.06.05-20.44.41:257][  0]LogConfig: Setting CVar [[r.LightPropagationVolume:0]]
[2022.06.05-20.44.41:257][  0]LogConfig: Applying CVar settings from Section [/Script/Engine.RendererOverrideSettings] File [F:/Dane/EpicProjects/ZwiadSpecKolo/Saved/Config/Windows/Engine.ini]
[2022.06.05-20.44.41:257][  0]LogConfig: Applying CVar settings from Section [/Script/Engine.StreamingSettings] File [F:/Dane/EpicProjects/ZwiadSpecKolo/Saved/Config/Windows/Engine.ini]
[2022.06.05-20.44.41:257][  0]LogConfig: Setting CVar [[s.MinBulkDataSizeForAsyncLoading:131072]]
[2022.06.05-20.44.41:257][  0]LogConfig: Setting CVar [[s.AsyncLoadingThreadEnabled:0]]
[2022.06.05-20.44.41:257][  0]LogConfig: Setting CVar [[s.EventDrivenLoaderEnabled:1]]
[2022.06.05-20.44.41:257][  0]LogConfig: Setting CVar [[s.WarnIfTimeLimitExceeded:0]]
[2022.06.05-20.44.41:257][  0]LogConfig: Setting CVar [[s.TimeLimitExceededMultiplier:1.5]]
[2022.06.05-20.44.41:257][  0]LogConfig: Setting CVar [[s.TimeLimitExceededMinTime:0.005]]
[2022.06.05-20.44.41:257][  0]LogConfig: Setting CVar [[s.UseBackgroundLevelStreaming:1]]
[2022.06.05-20.44.41:257][  0]LogConfig: Setting CVar [[s.PriorityAsyncLoadingExtraTime:15.0]]
[2022.06.05-20.44.41:257][  0]LogConfig: Setting CVar [[s.LevelStreamingActorsUpdateTimeLimit:5.0]]
[2022.06.05-20.44.41:257][  0]LogConfig: Setting CVar [[s.PriorityLevelStreamingActorsUpdateExtraTime:5.0]]
[2022.06.05-20.44.41:257][  0]LogConfig: Setting CVar [[s.LevelStreamingComponentsRegistrationGranularity:10]]
[2022.06.05-20.44.41:257][  0]LogConfig: Setting CVar [[s.UnregisterComponentsTimeLimit:1.0]]
[2022.06.05-20.44.41:257][  0]LogConfig: Setting CVar [[s.LevelStreamingComponentsUnregistrationGranularity:5]]
[2022.06.05-20.44.41:257][  0]LogConfig: Setting CVar [[s.FlushStreamingOnExit:1]]
[2022.06.05-20.44.41:257][  0]LogConfig: Applying CVar settings from Section [/Script/Engine.GarbageCollectionSettings] File [F:/Dane/EpicProjects/ZwiadSpecKolo/Saved/Config/Windows/Engine.ini]
[2022.06.05-20.44.41:257][  0]LogConfig: Setting CVar [[gc.MaxObjectsNotConsideredByGC:1]]
[2022.06.05-20.44.41:257][  0]LogConfig: Setting CVar [[gc.SizeOfPermanentObjectPool:0]]
[2022.06.05-20.44.41:257][  0]LogConfig: Setting CVar [[gc.FlushStreamingOnGC:0]]
[2022.06.05-20.44.41:257][  0]LogConfig: Setting CVar [[gc.NumRetriesBeforeForcingGC:10]]
[2022.06.05-20.44.41:257][  0]LogConfig: Setting CVar [[gc.AllowParallelGC:1]]
[2022.06.05-20.44.41:257][  0]LogConfig: Setting CVar [[gc.TimeBetweenPurgingPendingKillObjects:61.1]]
[2022.06.05-20.44.41:257][  0]LogConfig: Setting CVar [[gc.MaxObjectsInEditor:25165824]]
[2022.06.05-20.44.41:257][  0]LogConfig: Setting CVar [[gc.IncrementalBeginDestroyEnabled:1]]
[2022.06.05-20.44.41:258][  0]LogConfig: Setting CVar [[gc.CreateGCClusters:1]]
[2022.06.05-20.44.41:258][  0]LogConfig: Setting CVar [[gc.MinGCClusterSize:5]]
[2022.06.05-20.44.41:258][  0]LogConfig: Setting CVar [[gc.ActorClusteringEnabled:0]]
[2022.06.05-20.44.41:258][  0]LogConfig: Setting CVar [[gc.BlueprintClusteringEnabled:0]]
[2022.06.05-20.44.41:258][  0]LogConfig: Setting CVar [[gc.UseDisregardForGCOnDedicatedServers:0]]
[2022.06.05-20.44.41:258][  0]LogConfig: Applying CVar settings from Section [/Script/Engine.NetworkSettings] File [F:/Dane/EpicProjects/ZwiadSpecKolo/Saved/Config/Windows/Engine.ini]
[2022.06.05-20.44.41:258][  0]LogConfig: Applying CVar settings from Section [/Script/UnrealEd.CookerSettings] File [F:/Dane/EpicProjects/ZwiadSpecKolo/Saved/Config/Windows/Engine.ini]
[2022.06.05-20.44.41:260][  0]LogConfig: Applying CVar settings from Section [ViewDistanceQuality@3] File [F:/Dane/EpicProjects/ZwiadSpecKolo/Saved/Config/Windows/Scalability.ini]
[2022.06.05-20.44.41:260][  0]LogConfig: Setting CVar [[r.SkeletalMeshLODBias:0]]
[2022.06.05-20.44.41:260][  0]LogConfig: Setting CVar [[r.ViewDistanceScale:1.0]]
[2022.06.05-20.44.41:260][  0]LogConfig: Applying CVar settings from Section [AntiAliasingQuality@3] File [F:/Dane/EpicProjects/ZwiadSpecKolo/Saved/Config/Windows/Scalability.ini]
[2022.06.05-20.44.41:260][  0]LogConfig: Setting CVar [[r.PostProcessAAQuality:4]]
[2022.06.05-20.44.41:260][  0]LogConfig: Applying CVar settings from Section [ShadowQuality@3] File [F:/Dane/EpicProjects/ZwiadSpecKolo/Saved/Config/Windows/Scalability.ini]
[2022.06.05-20.44.41:260][  0]LogConfig: Setting CVar [[r.LightFunctionQuality:1]]
[2022.06.05-20.44.41:260][  0]LogConfig: Setting CVar [[r.ShadowQuality:5]]
[2022.06.05-20.44.41:260][  0]LogConfig: Setting CVar [[r.Shadow.CSM.MaxCascades:10]]
[2022.06.05-20.44.41:260][  0]LogConfig: Setting CVar [[r.Shadow.MaxResolution:2048]]
[2022.06.05-20.44.41:260][  0]LogConfig: Setting CVar [[r.Shadow.MaxCSMResolution:2048]]
[2022.06.05-20.44.41:260][  0]LogConfig: Setting CVar [[r.Shadow.RadiusThreshold:0.01]]
[2022.06.05-20.44.41:260][  0]LogConfig: Setting CVar [[r.Shadow.DistanceScale:1.0]]
[2022.06.05-20.44.41:260][  0]LogConfig: Setting CVar [[r.Shadow.CSM.TransitionScale:1.0]]
[2022.06.05-20.44.41:260][  0]LogConfig: Setting CVar [[r.Shadow.PreShadowResolutionFactor:1.0]]
[2022.06.05-20.44.41:260][  0]LogConfig: Setting CVar [[r.DistanceFieldShadowing:1]]
[2022.06.05-20.44.41:260][  0]LogConfig: Setting CVar [[r.DistanceFieldAO:1]]
[2022.06.05-20.44.41:260][  0]LogConfig: Setting CVar [[r.AOQuality:2]]
[2022.06.05-20.44.41:260][  0]LogConfig: Setting CVar [[r.VolumetricFog:1]]
[2022.06.05-20.44.41:260][  0]LogConfig: Setting CVar [[r.VolumetricFog.GridPixelSize:8]]
[2022.06.05-20.44.41:260][  0]LogConfig: Setting CVar [[r.VolumetricFog.GridSizeZ:128]]
[2022.06.05-20.44.41:260][  0]LogConfig: Setting CVar [[r.VolumetricFog.HistoryMissSupersampleCount:4]]
[2022.06.05-20.44.41:260][  0]LogConfig: Setting CVar [[r.LightMaxDrawDistanceScale:1]]
[2022.06.05-20.44.41:260][  0]LogConfig: Setting CVar [[r.CapsuleShadows:1]]
[2022.06.05-20.44.41:260][  0]LogConfig: Applying CVar settings from Section [PostProcessQuality@3] File [F:/Dane/EpicProjects/ZwiadSpecKolo/Saved/Config/Windows/Scalability.ini]
[2022.06.05-20.44.41:260][  0]LogConfig: Setting CVar [[r.MotionBlurQuality:4]]
[2022.06.05-20.44.41:260][  0]LogConfig: Setting CVar [[r.AmbientOcclusionMipLevelFactor:0.4]]
[2022.06.05-20.44.41:260][  0]LogConfig: Setting CVar [[r.AmbientOcclusionMaxQuality:100]]
[2022.06.05-20.44.41:260][  0]LogConfig: Setting CVar [[r.AmbientOcclusionLevels:-1]]
[2022.06.05-20.44.41:260][  0]LogConfig: Setting CVar [[r.AmbientOcclusionRadiusScale:1.0]]
[2022.06.05-20.44.41:260][  0]LogConfig: Setting CVar [[r.DepthOfFieldQuality:2]]
[2022.06.05-20.44.41:260][  0]LogConfig: Setting CVar [[r.RenderTargetPoolMin:400]]
[2022.06.05-20.44.41:260][  0]LogConfig: Setting CVar [[r.LensFlareQuality:2]]
[2022.06.05-20.44.41:260][  0]LogConfig: Setting CVar [[r.SceneColorFringeQuality:1]]
[2022.06.05-20.44.41:260][  0]LogConfig: Setting CVar [[r.EyeAdaptationQuality:2]]
[2022.06.05-20.44.41:260][  0]LogConfig: Setting CVar [[r.BloomQuality:5]]
[2022.06.05-20.44.41:260][  0]LogConfig: Setting CVar [[r.FastBlurThreshold:100]]
[2022.06.05-20.44.41:260][  0]LogConfig: Setting CVar [[r.Upscale.Quality:3]]
[2022.06.05-20.44.41:260][  0]LogConfig: Setting CVar [[r.Tonemapper.GrainQuantization:1]]
[2022.06.05-20.44.41:260][  0]LogConfig: Setting CVar [[r.LightShaftQuality:1]]
[2022.06.05-20.44.41:260][  0]LogConfig: Setting CVar [[r.Filter.SizeScale:1]]
[2022.06.05-20.44.41:261][  0]LogConfig: Setting CVar [[r.Tonemapper.Quality:5]]
[2022.06.05-20.44.41:261][  0]LogConfig: Setting CVar [[r.DOF.Gather.AccumulatorQuality:1        ; higher gathering accumulator quality]]
[2022.06.05-20.44.41:261][  0]LogConfig: Setting CVar [[r.DOF.Gather.PostfilterMethod:1          ; Median3x3 postfilering method]]
[2022.06.05-20.44.41:261][  0]LogConfig: Setting CVar [[r.DOF.Gather.EnableBokehSettings:0       ; no bokeh simulation when gathering]]
[2022.06.05-20.44.41:261][  0]LogConfig: Setting CVar [[r.DOF.Gather.RingCount:4                 ; medium number of samples when gathering]]
[2022.06.05-20.44.41:261][  0]LogConfig: Setting CVar [[r.DOF.Scatter.ForegroundCompositing:1    ; additive foreground scattering]]
[2022.06.05-20.44.41:261][  0]LogConfig: Setting CVar [[r.DOF.Scatter.BackgroundCompositing:2    ; additive background scattering]]
[2022.06.05-20.44.41:261][  0]LogConfig: Setting CVar [[r.DOF.Scatter.EnableBokehSettings:1      ; bokeh simulation when scattering]]
[2022.06.05-20.44.41:261][  0]LogConfig: Setting CVar [[r.DOF.Scatter.MaxSpriteRatio:0.1         ; only a maximum of 10% of scattered bokeh]]
[2022.06.05-20.44.41:261][  0]LogConfig: Setting CVar [[r.DOF.Recombine.Quality:1                ; cheap slight out of focus]]
[2022.06.05-20.44.41:261][  0]LogConfig: Setting CVar [[r.DOF.Recombine.EnableBokehSettings:0    ; no bokeh simulation on slight out of focus]]
[2022.06.05-20.44.41:261][  0]LogConfig: Setting CVar [[r.DOF.TemporalAAQuality:1                ; more stable temporal accumulation]]
[2022.06.05-20.44.41:261][  0]LogConfig: Setting CVar [[r.DOF.Kernel.MaxForegroundRadius:0.025]]
[2022.06.05-20.44.41:261][  0]LogConfig: Setting CVar [[r.DOF.Kernel.MaxBackgroundRadius:0.025]]
[2022.06.05-20.44.41:261][  0]LogConfig: Applying CVar settings from Section [TextureQuality@3] File [F:/Dane/EpicProjects/ZwiadSpecKolo/Saved/Config/Windows/Scalability.ini]
[2022.06.05-20.44.41:261][  0]LogConfig: Setting CVar [[r.Streaming.MipBias:0]]
[2022.06.05-20.44.41:261][  0]LogConfig: Setting CVar [[r.Streaming.AmortizeCPUToGPUCopy:0]]
[2022.06.05-20.44.41:261][  0]LogConfig: Setting CVar [[r.Streaming.MaxNumTexturesToStreamPerFrame:0]]
[2022.06.05-20.44.41:261][  0]LogConfig: Setting CVar [[r.Streaming.Boost:1]]
[2022.06.05-20.44.41:261][  0]LogConfig: Setting CVar [[r.MaxAnisotropy:8]]
[2022.06.05-20.44.41:261][  0]LogConfig: Setting CVar [[r.VT.MaxAnisotropy:8]]
[2022.06.05-20.44.41:261][  0]LogConfig: Setting CVar [[r.Streaming.LimitPoolSizeToVRAM:0]]
[2022.06.05-20.44.41:261][  0]LogConfig: Setting CVar [[r.Streaming.PoolSize:1000]]
[2022.06.05-20.44.41:261][  0]LogConfig: Setting CVar [[r.Streaming.MaxEffectiveScreenSize:0]]
[2022.06.05-20.44.41:261][  0]LogConfig: Applying CVar settings from Section [EffectsQuality@3] File [F:/Dane/EpicProjects/ZwiadSpecKolo/Saved/Config/Windows/Scalability.ini]
[2022.06.05-20.44.41:261][  0]LogConfig: Setting CVar [[r.TranslucencyLightingVolumeDim:64]]
[2022.06.05-20.44.41:261][  0]LogConfig: Setting CVar [[r.RefractionQuality:2]]
[2022.06.05-20.44.41:261][  0]LogConfig: Setting CVar [[r.SSR.Quality:3]]
[2022.06.05-20.44.41:261][  0]LogConfig: Setting CVar [[r.SSR.HalfResSceneColor:0]]
[2022.06.05-20.44.41:261][  0]LogConfig: Setting CVar [[r.SceneColorFormat:4]]
[2022.06.05-20.44.41:261][  0]LogConfig: Setting CVar [[r.DetailMode:2]]
[2022.06.05-20.44.41:261][  0]LogConfig: Setting CVar [[r.TranslucencyVolumeBlur:1]]
[2022.06.05-20.44.41:261][  0]LogConfig: Setting CVar [[r.MaterialQualityLevel:1 ; High quality]]
[2022.06.05-20.44.41:261][  0]LogConfig: Setting CVar [[r.SSS.Scale:1]]
[2022.06.05-20.44.41:261][  0]LogConfig: Setting CVar [[r.SSS.SampleSet:2]]
[2022.06.05-20.44.41:261][  0]LogConfig: Setting CVar [[r.SSS.Quality:1]]
[2022.06.05-20.44.41:261][  0]LogConfig: Setting CVar [[r.SSS.HalfRes:1]]
[2022.06.05-20.44.41:261][  0]LogConfig: Setting CVar [[r.SSGI.Quality:3]]
[2022.06.05-20.44.41:261][  0]LogConfig: Setting CVar [[r.EmitterSpawnRateScale:1.0]]
[2022.06.05-20.44.41:261][  0]LogConfig: Setting CVar [[r.ParticleLightQuality:2]]
[2022.06.05-20.44.41:261][  0]LogConfig: Setting CVar [[r.SkyAtmosphere.AerialPerspectiveLUT.FastApplyOnOpaque:1 ; Always have FastSkyLUT 1 in this case to avoid wrong sky]]
[2022.06.05-20.44.41:261][  0]LogConfig: Setting CVar [[r.SkyAtmosphere.AerialPerspectiveLUT.SampleCountPerSlice:1]]
[2022.06.05-20.44.41:261][  0]LogConfig: Setting CVar [[r.SkyAtmosphere.AerialPerspectiveLUT.DepthResolution:16.0]]
[2022.06.05-20.44.41:261][  0]LogConfig: Setting CVar [[r.SkyAtmosphere.FastSkyLUT:1]]
[2022.06.05-20.44.41:261][  0]LogConfig: Setting CVar [[r.SkyAtmosphere.FastSkyLUT.SampleCountMin:4.0]]
[2022.06.05-20.44.41:261][  0]LogConfig: Setting CVar [[r.SkyAtmosphere.FastSkyLUT.SampleCountMax:32.0]]
[2022.06.05-20.44.41:261][  0]LogConfig: Setting CVar [[r.SkyAtmosphere.SampleCountMin:4.0]]
[2022.06.05-20.44.41:261][  0]LogConfig: Setting CVar [[r.SkyAtmosphere.SampleCountMax:32.0]]
[2022.06.05-20.44.41:261][  0]LogConfig: Setting CVar [[r.SkyAtmosphere.TransmittanceLUT.UseSmallFormat:0]]
[2022.06.05-20.44.41:261][  0]LogConfig: Setting CVar [[r.SkyAtmosphere.TransmittanceLUT.SampleCount:10.0]]
[2022.06.05-20.44.41:261][  0]LogConfig: Setting CVar [[r.SkyAtmosphere.MultiScatteringLUT.SampleCount:15.0]]
[2022.06.05-20.44.41:261][  0]LogConfig: Applying CVar settings from Section [FoliageQuality@3] File [F:/Dane/EpicProjects/ZwiadSpecKolo/Saved/Config/Windows/Scalability.ini]
[2022.06.05-20.44.41:261][  0]LogConfig: Setting CVar [[foliage.DensityScale:1.0]]
[2022.06.05-20.44.41:261][  0]LogConfig: Setting CVar [[grass.DensityScale:1.0]]
[2022.06.05-20.44.41:261][  0]LogConfig: Applying CVar settings from Section [ShadingQuality@3] File [F:/Dane/EpicProjects/ZwiadSpecKolo/Saved/Config/Windows/Scalability.ini]
[2022.06.05-20.44.41:261][  0]LogConfig: Setting CVar [[r.HairStrands.SkyLighting.SampleCount:16]]
[2022.06.05-20.44.41:261][  0]LogConfig: Setting CVar [[r.HairStrands.SkyLighting.JitterIntegration:0]]
[2022.06.05-20.44.41:261][  0]LogConfig: Setting CVar [[r.HairStrands.SkyAO.SampleCount:16]]
[2022.06.05-20.44.41:261][  0]LogInit: Selected Device Profile: [Windows]
[2022.06.05-20.44.41:261][  0]LogInit: Applying CVar settings loaded from the selected device profile: [Windows]
[2022.06.05-20.44.41:263][  0]LogHAL: Display: Platform has ~ 64 GB [68634550272 / 68719476736 / 64], which maps to Largest [LargestMinGB=32, LargerMinGB=12, DefaultMinGB=8, SmallerMinGB=6, SmallestMinGB=0)
[2022.06.05-20.44.41:263][  0]LogInit: Going up to parent DeviceProfile []
[2022.06.05-20.44.41:263][  0]LogConfig: Applying CVar settings from Section [ViewDistanceQuality@3] File [F:/Dane/EpicProjects/ZwiadSpecKolo/Saved/Config/Windows/Scalability.ini]
[2022.06.05-20.44.41:263][  0]LogConfig: Setting CVar [[r.SkeletalMeshLODBias:0]]
[2022.06.05-20.44.41:263][  0]LogConfig: Setting CVar [[r.ViewDistanceScale:1.0]]
[2022.06.05-20.44.41:263][  0]LogConfig: Applying CVar settings from Section [AntiAliasingQuality@3] File [F:/Dane/EpicProjects/ZwiadSpecKolo/Saved/Config/Windows/Scalability.ini]
[2022.06.05-20.44.41:263][  0]LogConfig: Setting CVar [[r.PostProcessAAQuality:4]]
[2022.06.05-20.44.41:263][  0]LogConfig: Applying CVar settings from Section [ShadowQuality@3] File [F:/Dane/EpicProjects/ZwiadSpecKolo/Saved/Config/Windows/Scalability.ini]
[2022.06.05-20.44.41:263][  0]LogConfig: Setting CVar [[r.LightFunctionQuality:1]]
[2022.06.05-20.44.41:263][  0]LogConfig: Setting CVar [[r.ShadowQuality:5]]
[2022.06.05-20.44.41:263][  0]LogConfig: Setting CVar [[r.Shadow.CSM.MaxCascades:10]]
[2022.06.05-20.44.41:263][  0]LogConfig: Setting CVar [[r.Shadow.MaxResolution:2048]]
[2022.06.05-20.44.41:263][  0]LogConfig: Setting CVar [[r.Shadow.MaxCSMResolution:2048]]
[2022.06.05-20.44.41:263][  0]LogConfig: Setting CVar [[r.Shadow.RadiusThreshold:0.01]]
[2022.06.05-20.44.41:263][  0]LogConfig: Setting CVar [[r.Shadow.DistanceScale:1.0]]
[2022.06.05-20.44.41:263][  0]LogConfig: Setting CVar [[r.Shadow.CSM.TransitionScale:1.0]]
[2022.06.05-20.44.41:263][  0]LogConfig: Setting CVar [[r.Shadow.PreShadowResolutionFactor:1.0]]
[2022.06.05-20.44.41:263][  0]LogConfig: Setting CVar [[r.DistanceFieldShadowing:1]]
[2022.06.05-20.44.41:263][  0]LogConfig: Setting CVar [[r.DistanceFieldAO:1]]
[2022.06.05-20.44.41:263][  0]LogConfig: Setting CVar [[r.AOQuality:2]]
[2022.06.05-20.44.41:263][  0]LogConfig: Setting CVar [[r.VolumetricFog:1]]
[2022.06.05-20.44.41:263][  0]LogConfig: Setting CVar [[r.VolumetricFog.GridPixelSize:8]]
[2022.06.05-20.44.41:263][  0]LogConfig: Setting CVar [[r.VolumetricFog.GridSizeZ:128]]
[2022.06.05-20.44.41:263][  0]LogConfig: Setting CVar [[r.VolumetricFog.HistoryMissSupersampleCount:4]]
[2022.06.05-20.44.41:263][  0]LogConfig: Setting CVar [[r.LightMaxDrawDistanceScale:1]]
[2022.06.05-20.44.41:263][  0]LogConfig: Setting CVar [[r.CapsuleShadows:1]]
[2022.06.05-20.44.41:263][  0]LogConfig: Applying CVar settings from Section [PostProcessQuality@3] File [F:/Dane/EpicProjects/ZwiadSpecKolo/Saved/Config/Windows/Scalability.ini]
[2022.06.05-20.44.41:263][  0]LogConfig: Setting CVar [[r.MotionBlurQuality:4]]
[2022.06.05-20.44.41:263][  0]LogConfig: Setting CVar [[r.AmbientOcclusionMipLevelFactor:0.4]]
[2022.06.05-20.44.41:263][  0]LogConfig: Setting CVar [[r.AmbientOcclusionMaxQuality:100]]
[2022.06.05-20.44.41:263][  0]LogConfig: Setting CVar [[r.AmbientOcclusionLevels:-1]]
[2022.06.05-20.44.41:263][  0]LogConfig: Setting CVar [[r.AmbientOcclusionRadiusScale:1.0]]
[2022.06.05-20.44.41:263][  0]LogConfig: Setting CVar [[r.DepthOfFieldQuality:2]]
[2022.06.05-20.44.41:263][  0]LogConfig: Setting CVar [[r.RenderTargetPoolMin:400]]
[2022.06.05-20.44.41:263][  0]LogConfig: Setting CVar [[r.LensFlareQuality:2]]
[2022.06.05-20.44.41:263][  0]LogConfig: Setting CVar [[r.SceneColorFringeQuality:1]]
[2022.06.05-20.44.41:263][  0]LogConfig: Setting CVar [[r.EyeAdaptationQuality:2]]
[2022.06.05-20.44.41:263][  0]LogConfig: Setting CVar [[r.BloomQuality:5]]
[2022.06.05-20.44.41:263][  0]LogConfig: Setting CVar [[r.FastBlurThreshold:100]]
[2022.06.05-20.44.41:263][  0]LogConfig: Setting CVar [[r.Upscale.Quality:3]]
[2022.06.05-20.44.41:263][  0]LogConfig: Setting CVar [[r.Tonemapper.GrainQuantization:1]]
[2022.06.05-20.44.41:263][  0]LogConfig: Setting CVar [[r.LightShaftQuality:1]]
[2022.06.05-20.44.41:263][  0]LogConfig: Setting CVar [[r.Filter.SizeScale:1]]
[2022.06.05-20.44.41:263][  0]LogConfig: Setting CVar [[r.Tonemapper.Quality:5]]
[2022.06.05-20.44.41:263][  0]LogConfig: Setting CVar [[r.DOF.Gather.AccumulatorQuality:1        ; higher gathering accumulator quality]]
[2022.06.05-20.44.41:263][  0]LogConfig: Setting CVar [[r.DOF.Gather.PostfilterMethod:1          ; Median3x3 postfilering method]]
[2022.06.05-20.44.41:263][  0]LogConfig: Setting CVar [[r.DOF.Gather.EnableBokehSettings:0       ; no bokeh simulation when gathering]]
[2022.06.05-20.44.41:263][  0]LogConfig: Setting CVar [[r.DOF.Gather.RingCount:4                 ; medium number of samples when gathering]]
[2022.06.05-20.44.41:263][  0]LogConfig: Setting CVar [[r.DOF.Scatter.ForegroundCompositing:1    ; additive foreground scattering]]
[2022.06.05-20.44.41:263][  0]LogConfig: Setting CVar [[r.DOF.Scatter.BackgroundCompositing:2    ; additive background scattering]]
[2022.06.05-20.44.41:263][  0]LogConfig: Setting CVar [[r.DOF.Scatter.EnableBokehSettings:1      ; bokeh simulation when scattering]]
[2022.06.05-20.44.41:263][  0]LogConfig: Setting CVar [[r.DOF.Scatter.MaxSpriteRatio:0.1         ; only a maximum of 10% of scattered bokeh]]
[2022.06.05-20.44.41:263][  0]LogConfig: Setting CVar [[r.DOF.Recombine.Quality:1                ; cheap slight out of focus]]
[2022.06.05-20.44.41:263][  0]LogConfig: Setting CVar [[r.DOF.Recombine.EnableBokehSettings:0    ; no bokeh simulation on slight out of focus]]
[2022.06.05-20.44.41:263][  0]LogConfig: Setting CVar [[r.DOF.TemporalAAQuality:1                ; more stable temporal accumulation]]
[2022.06.05-20.44.41:263][  0]LogConfig: Setting CVar [[r.DOF.Kernel.MaxForegroundRadius:0.025]]
[2022.06.05-20.44.41:263][  0]LogConfig: Setting CVar [[r.DOF.Kernel.MaxBackgroundRadius:0.025]]
[2022.06.05-20.44.41:263][  0]LogConfig: Applying CVar settings from Section [TextureQuality@3] File [F:/Dane/EpicProjects/ZwiadSpecKolo/Saved/Config/Windows/Scalability.ini]
[2022.06.05-20.44.41:263][  0]LogConfig: Setting CVar [[r.Streaming.MipBias:0]]
[2022.06.05-20.44.41:264][  0]LogConfig: Setting CVar [[r.Streaming.AmortizeCPUToGPUCopy:0]]
[2022.06.05-20.44.41:264][  0]LogConfig: Setting CVar [[r.Streaming.MaxNumTexturesToStreamPerFrame:0]]
[2022.06.05-20.44.41:264][  0]LogConfig: Setting CVar [[r.Streaming.Boost:1]]
[2022.06.05-20.44.41:264][  0]LogConfig: Setting CVar [[r.MaxAnisotropy:8]]
[2022.06.05-20.44.41:264][  0]LogConfig: Setting CVar [[r.VT.MaxAnisotropy:8]]
[2022.06.05-20.44.41:264][  0]LogConfig: Setting CVar [[r.Streaming.LimitPoolSizeToVRAM:0]]
[2022.06.05-20.44.41:264][  0]LogConfig: Setting CVar [[r.Streaming.PoolSize:1000]]
[2022.06.05-20.44.41:264][  0]LogConfig: Setting CVar [[r.Streaming.MaxEffectiveScreenSize:0]]
[2022.06.05-20.44.41:264][  0]LogConfig: Applying CVar settings from Section [EffectsQuality@3] File [F:/Dane/EpicProjects/ZwiadSpecKolo/Saved/Config/Windows/Scalability.ini]
[2022.06.05-20.44.41:264][  0]LogConfig: Setting CVar [[r.TranslucencyLightingVolumeDim:64]]
[2022.06.05-20.44.41:264][  0]LogConfig: Setting CVar [[r.RefractionQuality:2]]
[2022.06.05-20.44.41:264][  0]LogConfig: Setting CVar [[r.SSR.Quality:3]]
[2022.06.05-20.44.41:264][  0]LogConfig: Setting CVar [[r.SSR.HalfResSceneColor:0]]
[2022.06.05-20.44.41:264][  0]LogConfig: Setting CVar [[r.SceneColorFormat:4]]
[2022.06.05-20.44.41:264][  0]LogConfig: Setting CVar [[r.DetailMode:2]]
[2022.06.05-20.44.41:264][  0]LogConfig: Setting CVar [[r.TranslucencyVolumeBlur:1]]
[2022.06.05-20.44.41:264][  0]LogConfig: Setting CVar [[r.MaterialQualityLevel:1 ; High quality]]
[2022.06.05-20.44.41:264][  0]LogConfig: Setting CVar [[r.SSS.Scale:1]]
[2022.06.05-20.44.41:264][  0]LogConfig: Setting CVar [[r.SSS.SampleSet:2]]
[2022.06.05-20.44.41:264][  0]LogConfig: Setting CVar [[r.SSS.Quality:1]]
[2022.06.05-20.44.41:264][  0]LogConfig: Setting CVar [[r.SSS.HalfRes:1]]
[2022.06.05-20.44.41:264][  0]LogConfig: Setting CVar [[r.SSGI.Quality:3]]
[2022.06.05-20.44.41:264][  0]LogConfig: Setting CVar [[r.EmitterSpawnRateScale:1.0]]
[2022.06.05-20.44.41:264][  0]LogConfig: Setting CVar [[r.ParticleLightQuality:2]]
[2022.06.05-20.44.41:264][  0]LogConfig: Setting CVar [[r.SkyAtmosphere.AerialPerspectiveLUT.FastApplyOnOpaque:1 ; Always have FastSkyLUT 1 in this case to avoid wrong sky]]
[2022.06.05-20.44.41:264][  0]LogConfig: Setting CVar [[r.SkyAtmosphere.AerialPerspectiveLUT.SampleCountPerSlice:1]]
[2022.06.05-20.44.41:264][  0]LogConfig: Setting CVar [[r.SkyAtmosphere.AerialPerspectiveLUT.DepthResolution:16.0]]
[2022.06.05-20.44.41:264][  0]LogConfig: Setting CVar [[r.SkyAtmosphere.FastSkyLUT:1]]
[2022.06.05-20.44.41:264][  0]LogConfig: Setting CVar [[r.SkyAtmosphere.FastSkyLUT.SampleCountMin:4.0]]
[2022.06.05-20.44.41:264][  0]LogConfig: Setting CVar [[r.SkyAtmosphere.FastSkyLUT.SampleCountMax:32.0]]
[2022.06.05-20.44.41:264][  0]LogConfig: Setting CVar [[r.SkyAtmosphere.SampleCountMin:4.0]]
[2022.06.05-20.44.41:264][  0]LogConfig: Setting CVar [[r.SkyAtmosphere.SampleCountMax:32.0]]
[2022.06.05-20.44.41:264][  0]LogConfig: Setting CVar [[r.SkyAtmosphere.TransmittanceLUT.UseSmallFormat:0]]
[2022.06.05-20.44.41:264][  0]LogConfig: Setting CVar [[r.SkyAtmosphere.TransmittanceLUT.SampleCount:10.0]]
[2022.06.05-20.44.41:264][  0]LogConfig: Setting CVar [[r.SkyAtmosphere.MultiScatteringLUT.SampleCount:15.0]]
[2022.06.05-20.44.41:264][  0]LogConfig: Applying CVar settings from Section [FoliageQuality@3] File [F:/Dane/EpicProjects/ZwiadSpecKolo/Saved/Config/Windows/Scalability.ini]
[2022.06.05-20.44.41:264][  0]LogConfig: Setting CVar [[foliage.DensityScale:1.0]]
[2022.06.05-20.44.41:264][  0]LogConfig: Setting CVar [[grass.DensityScale:1.0]]
[2022.06.05-20.44.41:264][  0]LogConfig: Applying CVar settings from Section [ShadingQuality@3] File [F:/Dane/EpicProjects/ZwiadSpecKolo/Saved/Config/Windows/Scalability.ini]
[2022.06.05-20.44.41:264][  0]LogConfig: Setting CVar [[r.HairStrands.SkyLighting.SampleCount:16]]
[2022.06.05-20.44.41:264][  0]LogConfig: Setting CVar [[r.HairStrands.SkyLighting.JitterIntegration:0]]
[2022.06.05-20.44.41:264][  0]LogConfig: Setting CVar [[r.HairStrands.SkyAO.SampleCount:16]]
[2022.06.05-20.44.41:264][  0]LogConfig: Applying CVar settings from Section [Startup] File [../../../Engine/Config/ConsoleVariables.ini]
[2022.06.05-20.44.41:264][  0]LogConfig: Setting CVar [[net.UseAdaptiveNetUpdateFrequency:0]]
[2022.06.05-20.44.41:264][  0]LogConfig: Setting CVar [[p.chaos.AllowCreatePhysxBodies:1]]
[2022.06.05-20.44.41:264][  0]LogConfig: Applying CVar settings from Section [ConsoleVariables] File [F:/Dane/EpicProjects/ZwiadSpecKolo/Saved/Config/Windows/Engine.ini]
[2022.06.05-20.44.41:264][  0]LogInit: Computer: DESKTOP-SEF6IUT
[2022.06.05-20.44.41:264][  0]LogInit: User: HyperCub3
[2022.06.05-20.44.41:264][  0]LogInit: CPU Page size=4096, Cores=8
[2022.06.05-20.44.41:264][  0]LogInit: High frequency timer resolution =10.000000 MHz
[2022.06.05-20.44.41:264][  0]LogMemory: Memory total: Physical=63.9GB (64GB approx)
[2022.06.05-20.44.41:264][  0]LogMemory: Platform Memory Stats for Windows
[2022.06.05-20.44.41:264][  0]LogMemory: Process Physical Memory: 111.38 MB used, 111.38 MB peak
[2022.06.05-20.44.41:264][  0]LogMemory: Process Virtual Memory: 107.20 MB used, 107.20 MB peak
[2022.06.05-20.44.41:265][  0]LogMemory: Physical Memory: 15070.74 MB used,  50384.27 MB free, 65455.01 MB total
[2022.06.05-20.44.41:265][  0]LogMemory: Virtual Memory: 5223.81 MB used,  134212504.00 MB free, 134217728.00 MB total
[2022.06.05-20.44.41:267][  0]LogWindows: WindowsPlatformFeatures enabled
[2022.06.05-20.44.41:292][  0]LogInit: Using OS detected language (pl-PL).
[2022.06.05-20.44.41:292][  0]LogInit: Using OS detected locale (pl-PL).
[2022.06.05-20.44.41:292][  0]LogTextLocalizationManager: No specific localization for 'pl-PL' exists, so the 'pl' localization will be used.
[2022.06.05-20.44.41:293][  0]LogTextLocalizationResource: LocRes '../../../Engine/Content/Localization/Editor/pl/Editor.locres' could not be opened for reading!
[2022.06.05-20.44.41:293][  0]LogTextLocalizationResource: LocRes '../../../Engine/Content/Localization/EditorTutorials/pl/EditorTutorials.locres' could not be opened for reading!
[2022.06.05-20.44.41:293][  0]LogTextLocalizationResource: LocRes '../../../Engine/Content/Localization/Keywords/pl/Keywords.locres' could not be opened for reading!
[2022.06.05-20.44.41:293][  0]LogTextLocalizationResource: LocRes '../../../Engine/Content/Localization/Category/pl/Category.locres' could not be opened for reading!
[2022.06.05-20.44.41:293][  0]LogTextLocalizationResource: LocRes '../../../Engine/Content/Localization/ToolTips/pl/ToolTips.locres' could not be opened for reading!
[2022.06.05-20.44.41:293][  0]LogTextLocalizationResource: LocRes '../../../Engine/Content/Localization/PropertyNames/pl/PropertyNames.locres' could not be opened for reading!
[2022.06.05-20.44.41:293][  0]LogTextLocalizationResource: LocRes '../../../Engine/Content/Localization/Engine/pl/Engine.locres' could not be opened for reading!
[2022.06.05-20.44.41:294][  0]LogInit: Setting process to per monitor DPI aware
[2022.06.05-20.44.41:322][  0]LogSlate: New Slate User Created.  User Index 0, Is Virtual User: 0
[2022.06.05-20.44.41:323][  0]LogSlate: Slate User Registered.  User Index 0, Is Virtual User: 0
[2022.06.05-20.44.41:429][  0]LogD3D12RHI: Aftermath initialized
[2022.06.05-20.44.41:429][  0]LogD3D12RHI: Loading WinPixEventRuntime.dll for PIX profiling (from ../../../Engine/Binaries/ThirdParty/Windows/DirectX/x64).
[2022.06.05-20.44.41:479][  0]LogHMD: Failed to initialize OpenVR with code 108
[2022.06.05-20.44.41:590][  0]LogD3D12RHI: Found D3D12 adapter 0: NVIDIA GeForce RTX 2080 (Max supported Feature Level 12_1)
[2022.06.05-20.44.41:590][  0]LogD3D12RHI: Adapter has 8010MB of dedicated video memory, 0MB of dedicated system memory, and 32727MB of shared system memory, 2 output[s]
[2022.06.05-20.44.41:597][  0]LogD3D12RHI: Found D3D12 adapter 1: Microsoft Basic Render Driver (Max supported Feature Level 12_1)
[2022.06.05-20.44.41:597][  0]LogD3D12RHI: Adapter has 0MB of dedicated video memory, 0MB of dedicated system memory, and 32727MB of shared system memory, 0 output[s]
[2022.06.05-20.44.41:597][  0]LogD3D12RHI: Forcing D3D12.AsyncDeferredDeletion=0 as a workaround for a deadlock.
[2022.06.05-20.44.41:597][  0]LogD3D12RHI: Chosen D3D12 Adapter Id = 0
[2022.06.05-20.44.41:604][  0]LogD3D12RHI: Emitting draw events for PIX profiling.
[2022.06.05-20.44.41:668][  0]LogD3D12RHI: D3D12 ray tracing enabled.
[2022.06.05-20.44.41:668][  0]LogD3D12RHI: The system supports ID3D12Device1.
[2022.06.05-20.44.41:668][  0]LogD3D12RHI: The system supports ID3D12Device2.
[2022.06.05-20.44.41:738][  0]LogD3D12RHI: Display: Not using pipeline state disk cache per r.D3D12.PSO.DiskCache=0
[2022.06.05-20.44.41:738][  0]LogD3D12RHI: Display: Not using driver-optimized pipeline state disk cache per r.D3D12.PSO.DriverOptimizedDiskCache=0
[2022.06.05-20.44.41:739][  0]LogD3D12RHI:     GPU DeviceId: 0x1e87 (for the marketing name, search the web for "GPU Device Id")
[2022.06.05-20.44.41:739][  0]LogWindows: EnumDisplayDevices:
[2022.06.05-20.44.41:739][  0]LogWindows:    0. 'NVIDIA GeForce RTX 2080' (P:1 D:1)
[2022.06.05-20.44.41:739][  0]LogWindows:    1. 'NVIDIA GeForce RTX 2080' (P:0 D:1)
[2022.06.05-20.44.41:739][  0]LogWindows:    2. 'NVIDIA GeForce RTX 2080' (P:0 D:0)
[2022.06.05-20.44.41:740][  0]LogWindows:    3. 'NVIDIA GeForce RTX 2080' (P:0 D:0)
[2022.06.05-20.44.41:740][  0]LogWindows: DebugString: FoundDriverCount:4 
[2022.06.05-20.44.41:740][  0]LogD3D12RHI:     Adapter Name: NVIDIA GeForce RTX 2080
[2022.06.05-20.44.41:740][  0]LogD3D12RHI:   Driver Version: 456.71 (internal:27.21.14.5671, unified:456.71)
[2022.06.05-20.44.41:740][  0]LogD3D12RHI:      Driver Date: 9-30-2020
[2022.06.05-20.44.41:740][  0]LogRHI: Texture pool is 4562 MB (70% of 6517 MB)
[2022.06.05-20.44.41:740][  0]LogD3D12RHI: Async texture creation enabled
[2022.06.05-20.44.41:740][  0]LogD3D12RHI: RHI has support for 64 bit atomics
[2022.06.05-20.44.41:960][  0]LogTargetPlatformManager: Display: Loaded TargetPlatform 'AllDesktop'
[2022.06.05-20.44.41:980][  0]LogTargetPlatformManager: Display: Loaded TargetPlatform 'Android'
[2022.06.05-20.44.41:980][  0]LogTargetPlatformManager: Display: Loaded TargetPlatform 'Android_ASTC'
[2022.06.05-20.44.41:980][  0]LogTargetPlatformManager: Display: Loaded TargetPlatform 'Android_ATC'
[2022.06.05-20.44.41:980][  0]LogTargetPlatformManager: Display: Loaded TargetPlatform 'Android_DXT'
[2022.06.05-20.44.41:980][  0]LogTargetPlatformManager: Display: Loaded TargetPlatform 'Android_ETC1'
[2022.06.05-20.44.41:980][  0]LogTargetPlatformManager: Display: Loaded TargetPlatform 'Android_ETC1a'
[2022.06.05-20.44.41:980][  0]LogTargetPlatformManager: Display: Loaded TargetPlatform 'Android_ETC2'
[2022.06.05-20.44.41:980][  0]LogTargetPlatformManager: Display: Loaded TargetPlatform 'Android_PVRTC'
[2022.06.05-20.44.41:980][  0]LogTargetPlatformManager: Display: Loaded TargetPlatform 'AndroidClient'
[2022.06.05-20.44.41:980][  0]LogTargetPlatformManager: Display: Loaded TargetPlatform 'Android_ASTCClient'
[2022.06.05-20.44.41:980][  0]LogTargetPlatformManager: Display: Loaded TargetPlatform 'Android_ATCClient'
[2022.06.05-20.44.41:980][  0]LogTargetPlatformManager: Display: Loaded TargetPlatform 'Android_DXTClient'
[2022.06.05-20.44.41:980][  0]LogTargetPlatformManager: Display: Loaded TargetPlatform 'Android_ETC1Client'
[2022.06.05-20.44.41:980][  0]LogTargetPlatformManager: Display: Loaded TargetPlatform 'Android_ETC1aClient'
[2022.06.05-20.44.41:980][  0]LogTargetPlatformManager: Display: Loaded TargetPlatform 'Android_ETC2Client'
[2022.06.05-20.44.41:980][  0]LogTargetPlatformManager: Display: Loaded TargetPlatform 'Android_PVRTCClient'
[2022.06.05-20.44.41:980][  0]LogTargetPlatformManager: Display: Loaded TargetPlatform 'Android_Multi'
[2022.06.05-20.44.41:980][  0]LogTargetPlatformManager: Display: Loaded TargetPlatform 'Android_MultiClient'
[2022.06.05-20.44.41:992][  0]LogTargetPlatformManager: Display: Loaded TargetPlatform 'IOSClient'
[2022.06.05-20.44.41:992][  0]LogTargetPlatformManager: Display: Loaded TargetPlatform 'IOS'
[2022.06.05-20.44.41:997][  0]LogTargetPlatformManager: Display: Loaded TargetPlatform 'LinuxNoEditor'
[2022.06.05-20.44.42:002][  0]LogTargetPlatformManager: Display: Loaded TargetPlatform 'LinuxClient'
[2022.06.05-20.44.42:007][  0]LogTargetPlatformManager: Display: Loaded TargetPlatform 'LinuxServer'
[2022.06.05-20.44.42:011][  0]LogTargetPlatformManager: Display: Loaded TargetPlatform 'LinuxAArch64NoEditor'
[2022.06.05-20.44.42:016][  0]LogTargetPlatformManager: Display: Loaded TargetPlatform 'LinuxAArch64Client'
[2022.06.05-20.44.42:021][  0]LogTargetPlatformManager: Display: Loaded TargetPlatform 'LinuxAArch64Server'
[2022.06.05-20.44.42:036][  0]LogTargetPlatformManager: Display: Loaded TargetPlatform 'Lumin'
[2022.06.05-20.44.42:036][  0]LogTargetPlatformManager: Display: Loaded TargetPlatform 'LuminClient'
[2022.06.05-20.44.42:046][  0]LogTargetPlatformManager: Display: Loaded TargetPlatform 'TVOSClient'
[2022.06.05-20.44.42:046][  0]LogTargetPlatformManager: Display: Loaded TargetPlatform 'TVOS'
[2022.06.05-20.44.42:050][  0]LogTargetPlatformManager: Display: Loaded TargetPlatform 'WindowsNoEditor'
[2022.06.05-20.44.42:055][  0]LogTargetPlatformManager: Display: Loaded TargetPlatform 'Windows'
[2022.06.05-20.44.42:060][  0]LogTargetPlatformManager: Display: Loaded TargetPlatform 'WindowsClient'
[2022.06.05-20.44.42:064][  0]LogTargetPlatformManager: Display: Loaded TargetPlatform 'WindowsServer'
[2022.06.05-20.44.42:065][  0]LogTargetPlatformManager: Display: Building Assets For Windows
[2022.06.05-20.44.42:066][  0]LogAudioDebug: Display: Lib vorbis DLL was dynamically loaded.
[2022.06.05-20.44.42:078][  0]LogShaderCompilers: Guid format shader working directory is 8 characters bigger than the processId version (../../../../../EpicProjects/ZwiadSpecKolo/Intermediate/Shaders/WorkingDirectory/33672/).
[2022.06.05-20.44.42:078][  0]LogShaderCompilers: Cleaned the shader compiler working directory 'C:/Users/HyperCub3/AppData/Local/Temp/UnrealShaderWorkingDir/EE2AC1FB4321CC4538A15AB656A39A08/'.
[2022.06.05-20.44.42:078][  0]LogXGEController: Cleaning working directory: C:/Users/HyperCub3/AppData/Local/Temp/UnrealXGEWorkingDir/
[2022.06.05-20.44.42:079][  0]LogXGEController: Cannot use XGE Controller as Incredibuild is not installed on this machine.
[2022.06.05-20.44.42:079][  0]LogShaderCompilers: Cannot use XGE Shader Compiler as Incredibuild is not installed on this machine.
[2022.06.05-20.44.42:079][  0]LogShaderCompilers: Display: Using Local Shader Compiler.
[2022.06.05-20.44.42:613][  0]LogDerivedDataCache: Display: Max Cache Size: 512 MB
[2022.06.05-20.44.42:659][  0]LogDerivedDataCache: Loaded boot cache 0.05s 100MB C:/Users/HyperCub3/AppData/Local/UnrealEngine/4.24/DerivedDataCache/Boot.ddc.
[2022.06.05-20.44.42:660][  0]LogDerivedDataCache: Display: Loaded Boot cache: C:/Users/HyperCub3/AppData/Local/UnrealEngine/4.24/DerivedDataCache/Boot.ddc
[2022.06.05-20.44.42:660][  0]LogDerivedDataCache: FDerivedDataBackendGraph:  Pak pak cache file ../../../../../EpicProjects/ZwiadSpecKolo/DerivedDataCache/DDC.ddp not found, will not use a pak cache.
[2022.06.05-20.44.42:660][  0]LogDerivedDataCache: Unable to find inner node Pak for hierarchical cache Hierarchy.
[2022.06.05-20.44.42:660][  0]LogDerivedDataCache: FDerivedDataBackendGraph:  CompressedPak pak cache file ../../../../../EpicProjects/ZwiadSpecKolo/DerivedDataCache/Compressed.ddp not found, will not use a pak cache.
[2022.06.05-20.44.42:660][  0]LogDerivedDataCache: Unable to find inner node CompressedPak for hierarchical cache Hierarchy.
[2022.06.05-20.44.42:667][  0]LogDerivedDataCache: Display: Pak cache opened for reading ../../../Engine/DerivedDataCache/Compressed.ddp.
[2022.06.05-20.44.42:667][  0]LogDerivedDataCache: FDerivedDataBackendGraph:  EnterprisePak pak cache file ../../../Enterprise/DerivedDataCache/Compressed.ddp not found, will not use a pak cache.
[2022.06.05-20.44.42:667][  0]LogDerivedDataCache: Unable to find inner node EnterprisePak for hierarchical cache Hierarchy.
[2022.06.05-20.44.42:668][  0]LogDerivedDataCache: Using Local data cache path C:/Users/HyperCub3/AppData/Local/UnrealEngine/Common/DerivedDataCache: Writable
[2022.06.05-20.44.42:668][  0]LogDerivedDataCache: Shared data cache path not found in *engine.ini, will not use an Shared cache.
[2022.06.05-20.44.42:668][  0]LogDerivedDataCache: Unable to find inner node Shared for hierarchical cache Hierarchy.
[2022.06.05-20.44.42:689][  0]LogMaterial: Verifying Global Shaders for PCD3D_SM5
[2022.06.05-20.44.42:691][  0]LogSlate: Using FreeType 2.10.0
[2022.06.05-20.44.42:692][  0]LogSlate: SlateFontServices - WITH_FREETYPE: 1, WITH_HARFBUZZ: 1
[2022.06.05-20.44.42:732][  0]LogAssetRegistry: FAssetRegistry took 0.0018 seconds to start up
[2022.06.05-20.44.42:930][  0]LogInit: Selected Device Profile: [Windows]
[2022.06.05-20.44.43:042][  0]LogMeshReduction: Using QuadricMeshReduction for automatic static mesh reduction
[2022.06.05-20.44.43:042][  0]LogMeshReduction: Using SimplygonMeshReduction for automatic skeletal mesh reduction
[2022.06.05-20.44.43:042][  0]LogMeshReduction: Using ProxyLODMeshReduction for automatic mesh merging
[2022.06.05-20.44.43:042][  0]LogMeshReduction: No distributed automatic mesh merging module available
[2022.06.05-20.44.43:042][  0]LogMeshMerging: No distributed automatic mesh merging module available
[2022.06.05-20.44.43:119][  0]LogNetVersion: ZwiadSpecKolo 1.0.0, NetCL: 10570792, EngineNetVer: 13, GameNetVer: 0 (Checksum: 4199172908)
[2022.06.05-20.44.43:824][  0]LogPackageLocalizationCache: Processed 10 localized package path(s) for 1 prioritized culture(s) in 0.018184 seconds
[2022.06.05-20.44.43:828][  0]LogUObjectArray: 46750 objects as part of root set at end of initial load.
[2022.06.05-20.44.43:828][  0]LogUObjectAllocator: 8137160 out of 0 bytes used by permanent object pool.
[2022.06.05-20.44.43:828][  0]LogUObjectArray: CloseDisregardForGC: 0/0 objects in disregard for GC pool
[2022.06.05-20.44.43:888][  0]LogD3D12RHI: Creating RTPSO with 3 shaders (0 cached, 3 new) took 14.78 ms. Compile time 4.58 ms, link time 10.05 ms.
[2022.06.05-20.44.44:130][  0]LogTcpMessaging: Initializing TcpMessaging bridge
[2022.06.05-20.44.44:132][  0]LogUdpMessaging: Initializing bridge on interface 0.0.0.0:0 to multicast group 230.0.0.1:6666.
[2022.06.05-20.44.44:163][  0]SourceControl: Source control is disabled
[2022.06.05-20.44.44:504][  0]LogAndroidPermission: UAndroidPermissionCallbackProxy::GetInstance
[2022.06.05-20.44.44:510][  0]LogAudioCaptureCore: Display: No Audio Capture implementations found. Audio input will be silent.
[2022.06.05-20.44.44:510][  0]LogAudioCaptureCore: Display: No Audio Capture implementations found. Audio input will be silent.
[2022.06.05-20.44.44:567][  0]LogOcInput: OculusInput pre-init called
[2022.06.05-20.44.45:018][  0]LogEngine: Initializing Engine...
[2022.06.05-20.44.45:065][  0]LogHMD: Failed to initialize OpenVR with code 108
[2022.06.05-20.44.45:066][  0]LogStats: UGameplayTagsManager::InitializeManager -  0.000 s
[2022.06.05-20.44.45:303][  0]LogInit: Initializing FReadOnlyCVARCache
[2022.06.05-20.44.45:307][  0]LogAIModule: Creating AISystem for world Untitled
[2022.06.05-20.44.45:310][  0]LogAudioMixer: Display: Audio Mixer Platform Settings:
[2022.06.05-20.44.45:310][  0]LogAudioMixer: Display: 	Sample Rate:						  48000
[2022.06.05-20.44.45:310][  0]LogAudioMixer: Display: 	Callback Buffer Frame Size Requested: 1024
[2022.06.05-20.44.45:310][  0]LogAudioMixer: Display: 	Callback Buffer Frame Size To Use:	  1024
[2022.06.05-20.44.45:310][  0]LogAudioMixer: Display: 	Number of buffers to queue:			  2
[2022.06.05-20.44.45:310][  0]LogAudioMixer: Display: 	Max Channels (voices):				  32
[2022.06.05-20.44.45:310][  0]LogAudioMixer: Display: 	Number of Async Source Workers:		  0
[2022.06.05-20.44.45:310][  0]LogAudio: Display: AudioDevice MaxSources: 32
[2022.06.05-20.44.45:310][  0]LogAudio: Display: Using built-in audio occlusion.
[2022.06.05-20.44.45:310][  0]LogAudioMixer: Display: Initializing audio mixer.
[2022.06.05-20.44.45:342][  0]LogAudioMixer: Display: Audio Device Output Speaker Info:
[2022.06.05-20.44.45:342][  0]LogAudioMixer: Display: Name: SONY TV (NVIDIA High Definition Audio)
[2022.06.05-20.44.45:342][  0]LogAudioMixer: Display: Is Default: Yes
[2022.06.05-20.44.45:342][  0]LogAudioMixer: Display: Sample Rate: 48000
[2022.06.05-20.44.45:342][  0]LogAudioMixer: Display: Channel Count Used: 2
[2022.06.05-20.44.45:342][  0]LogAudioMixer: Display: Device Channel Count: 2
[2022.06.05-20.44.45:342][  0]LogAudioMixer: Display: Channel Order:
[2022.06.05-20.44.45:342][  0]LogAudioMixer: Display: 0: FrontLeft
[2022.06.05-20.44.45:342][  0]LogAudioMixer: Display: 1: FrontRight
[2022.06.05-20.44.45:355][  0]LogAudioMixer: Display: Using Audio Device SONY TV (NVIDIA High Definition Audio)
[2022.06.05-20.44.45:358][  0]LogInit: FAudioDevice initialized.
[2022.06.05-20.44.45:358][  0]LogNetVersion: Set ProjectVersion to 1.0.0.0. Version Checksum will be recalculated on next use.
[2022.06.05-20.44.45:400][  0]LogDerivedDataCache: Saved boot cache 0.04s 100MB C:/Users/HyperCub3/AppData/Local/UnrealEngine/4.24/DerivedDataCache/Boot.ddc.
[2022.06.05-20.44.45:401][  0]LogInit: Texture streaming: Enabled
[2022.06.05-20.44.45:406][  0]LogEngineSessionManager: EngineSessionManager initialized
[2022.06.05-20.44.45:406][  0]LogEditorSessionSummary: Verbose: Initializing EditorSessionSummaryWriter for editor session tracking
[2022.06.05-20.44.45:409][  0]LogEditorSessionSummary: EditorSessionSummaryWriter initialized
[2022.06.05-20.44.45:433][  0]LogInit: Transaction tracking system initialized
[2022.06.05-20.44.45:439][  0]BlueprintLog: New page: Editor Load
[2022.06.05-20.44.45:456][  0]LocalizationService: Localization service is disabled
[2022.06.05-20.44.45:475][  0]LogLinker: Warning: Failed to load '/Game/ThirdPersonBP/ThirdPersonOverview': Can't find file.
[2022.06.05-20.44.45:475][  0]LogLinker: Warning: Failed to load '/Game/ThirdPersonBP/ThirdPersonOverview': Can't find file.
[2022.06.05-20.44.45:475][  0]LogUObjectGlobals: Warning: Failed to find object 'Class /Game/ThirdPersonBP/ThirdPersonOverview.ThirdPersonOverview_C'
[2022.06.05-20.44.45:628][  0]LogFileCache: Scanning file cache for directory 'F:/Dane/EpicProjects/ZwiadSpecKolo/Content/' took 0.00s
[2022.06.05-20.44.45:628][  0]LogCook: Display: Max memory allowance for cook 16384mb min free memory 0mb
[2022.06.05-20.44.45:628][  0]LogCook: Display: Mobile HDR setting 1
[2022.06.05-20.44.46:076][  0]Cmd: MAP LOAD FILE="../../../../../EpicProjects/ZwiadSpecKolo/Content/FirstPersonBP/Maps/FirstPersonExampleMap.umap" TEMPLATE=0 SHOWPROGRESS=1 FEATURELEVEL=3
[2022.06.05-20.44.46:077][  0]LightingResults: New page: Lighting Build
[2022.06.05-20.44.46:077][  0]LogWorld: UWorld::CleanupWorld for Untitled, bSessionEnded=true, bCleanupResources=true
[2022.06.05-20.44.46:077][  0]LogSlate: InvalidateAllWidgets triggered.  All widgets were invalidated
[2022.06.05-20.44.46:077][  0]MapCheck: New page: Map Check
[2022.06.05-20.44.46:077][  0]LightingResults: New page: Lighting Build
[2022.06.05-20.44.46:102][  0]LogUObjectHash: Compacting FUObjectHashTables data took   1.18ms
[2022.06.05-20.44.46:213][  0]LogLinker: Warning: While loading '../../../../../EpicProjects/ZwiadSpecKolo/Content/School/pientra/Bud/zskv3.uasset' failed to load '/Game/School/pientra/Bud/None': Can't find file.
[2022.06.05-20.44.46:213][  0]LogLinker: Warning: While loading '../../../../../EpicProjects/ZwiadSpecKolo/Content/School/pientra/Bud/zskv3.uasset' failed to load '/Game/School/pientra/Bud/None': Can't find file.
[2022.06.05-20.44.46:214][  0]LogLinker: Warning: While loading '../../../../../EpicProjects/ZwiadSpecKolo/Content/School/pientra/Bud/zskv3.uasset' failed to load '/Game/School/pientra/Bud/None': Can't find file.
[2022.06.05-20.44.46:214][  0]LogLinker: Warning: While loading '../../../../../EpicProjects/ZwiadSpecKolo/Content/School/pientra/Bud/zskv3.uasset' failed to load '/Game/School/pientra/Bud/None': Can't find file.
[2022.06.05-20.44.46:219][  0]LogLinker: Warning: While loading '../../../../../EpicProjects/ZwiadSpecKolo/Content/School/pientra/Bud/zskv3.uasset' failed to load '/Game/School/pientra/Bud/None': Can't find file.
[2022.06.05-20.44.46:219][  0]LoadErrors: Failed to load /Game/School/pientra/Bud/None.Material_0 Referenced by zskv3
[2022.06.05-20.44.46:219][  0]LogLinker: Warning: While loading '../../../../../EpicProjects/ZwiadSpecKolo/Content/School/pientra/Bud/zskv3.uasset' failed to load '/Game/School/pientra/Bud/None': Can't find file.
[2022.06.05-20.44.46:219][  0]LoadErrors: Failed to load /Game/School/pientra/Bud/None.Material_0 Referenced by zskv3
[2022.06.05-20.44.46:219][  0]LogLinker: Warning: While loading '../../../../../EpicProjects/ZwiadSpecKolo/Content/School/pientra/Bud/zskv3.uasset' failed to load '/Game/School/pientra/Bud/None': Can't find file.
[2022.06.05-20.44.46:219][  0]LoadErrors: Failed to load /Game/School/pientra/Bud/None.Material_0 Referenced by zskv3
[2022.06.05-20.44.46:220][  0]LogLinker: Warning: While loading '../../../../../EpicProjects/ZwiadSpecKolo/Content/School/pientra/Bud/zskv3.uasset' failed to load '/Game/School/pientra/Bud/None': Can't find file.
[2022.06.05-20.44.46:220][  0]LoadErrors: Failed to load /Game/School/pientra/Bud/None.Material_0 Referenced by zskv3
[2022.06.05-20.44.46:493][  0]LogAIModule: Creating AISystem for world FirstPersonExampleMap
[2022.06.05-20.44.46:497][  0]PIE: Warning: AttachTo: '/Game/FirstPersonBP/Maps/FirstPersonExampleMap.FirstPersonExampleMap:PersistentLevel.Bud_5.DefaultSceneRoot' is not static  (in blueprint "Bud"), cannot attach '/Game/FirstPersonBP/Maps/FirstPersonExampleMap.FirstPersonExampleMap:PersistentLevel.Bud_5.StaticMesh' which is static to it. Aborting.
[2022.06.05-20.44.46:499][  0]LogEditorServer: Finished looking for orphan Actors (0.000 secs)
[2022.06.05-20.44.46:548][  0]LogUObjectHash: Compacting FUObjectHashTables data took   1.67ms
[2022.06.05-20.44.46:548][  0]Cmd: MAP CHECKDEP NOCLEARLOG
[2022.06.05-20.44.46:548][  0]MapCheck: Map check complete: 0 Error(s), 0 Warning(s), took 0,083ms to complete.
[2022.06.05-20.44.46:548][  0]LogFileHelpers: Loading map 'FirstPersonExampleMap' took 0.472
[2022.06.05-20.44.46:696][  0]LogSlate: Updating window title bar state: overlay mode, drag disabled, window buttons hidden, title bar hidden
[2022.06.05-20.44.46:702][  0]LogSlate: Updating window title bar state: overlay mode, drag disabled, window buttons hidden, title bar hidden
[2022.06.05-20.44.46:709][  0]LogSlate: Updating window title bar state: overlay mode, drag disabled, window buttons hidden, title bar hidden
[2022.06.05-20.44.46:714][  0]LogSlate: Updating window title bar state: overlay mode, drag disabled, window buttons hidden, title bar hidden
[2022.06.05-20.44.46:719][  0]LogCollectionManager: Loaded 0 collections in 0.000734 seconds
[2022.06.05-20.44.46:729][  0]LogFileCache: Scanning file cache for directory 'F:/Dane/EpicProjects/ZwiadSpecKolo/Saved/Collections/' took 0.00s
[2022.06.05-20.44.46:729][  0]LogFileCache: Scanning file cache for directory 'F:/Dane/EpicProjects/ZwiadSpecKolo/Content/Developers/HyperCub3/Collections/' took 0.00s
[2022.06.05-20.44.46:729][  0]LogFileCache: Scanning file cache for directory 'F:/Dane/EpicProjects/ZwiadSpecKolo/Content/Collections/' took 0.00s
[2022.06.05-20.44.46:729][  0]LogContentBrowser: Native class hierarchy populated in 0.0058 seconds. Added 3015 classes and 717 folders.
[2022.06.05-20.44.46:730][  0]LogContentBrowser: Native class hierarchy updated for 'WidgetCarousel' in 0.0002 seconds. Added 0 classes and 0 folders.
[2022.06.05-20.44.46:764][  0]LogContentBrowser: Native class hierarchy updated for 'AddContentDialog' in 0.0002 seconds. Added 0 classes and 0 folders.
[2022.06.05-20.44.46:767][  0]LogContentBrowser: Native class hierarchy updated for 'SceneOutliner' in 0.0003 seconds. Added 2 classes and 3 folders.
[2022.06.05-20.44.47:550][  0]LogSlate: Took 0.000124 seconds to synchronously load lazily loaded font '../../../Engine/Content/Slate/Fonts/Roboto-Regular.ttf' (155K)
[2022.06.05-20.44.48:083][  0]LogSlate: Took 0.000157 seconds to synchronously load lazily loaded font '../../../Engine/Content/Slate/Fonts/Roboto-Bold.ttf' (160K)
[2022.06.05-20.44.48:086][  0]LogSlate: Took 0.000125 seconds to synchronously load lazily loaded font '../../../Engine/Content/Editor/Slate/Fonts/FontAwesome.ttf' (139K)
[2022.06.05-20.44.48:140][  0]LogRenderer: Reallocating scene render targets to support 1084x408 Format 10 NumSamples 1 (Frame:1).
[2022.06.05-20.44.48:369][  0]LogD3D12RHI: Creating RTPSO with 91 shaders (0 cached, 91 new) took 109.27 ms. Compile time 98.47 ms, link time 10.67 ms.
[2022.06.05-20.44.48:406][  0]LogD3D12RHI: Creating RTPSO with 3 shaders (3 cached, 0 new) took 33.57 ms. Compile time 0.02 ms, link time 33.54 ms.
[2022.06.05-20.44.48:761][  0]LogContentBrowser: Native class hierarchy updated for 'HierarchicalLODOutliner' in 0.0002 seconds. Added 0 classes and 0 folders.
[2022.06.05-20.44.48:761][  0]LogLoad: (Engine Initialization) Total time: 9.26 seconds
[2022.06.05-20.44.48:761][  0]LogLoad: (Engine Initialization) Total Blueprint compile time: 0.00 seconds
[2022.06.05-20.44.48:814][  0]LogAssetRegistry: Asset discovery search completed in 6.0826 seconds
[2022.06.05-20.44.48:816][  0]LogCollectionManager: Fixed up redirectors for 0 collections in 0.000005 seconds (updated 0 objects)
[2022.06.05-20.44.48:817][  0]LogContentStreaming: Texture pool size now 1000 MB
[2022.06.05-20.44.48:905][  0]LogSlate: Took 0.000146 seconds to synchronously load lazily loaded font '../../../Engine/Content/Slate/Fonts/Roboto-Light.ttf' (167K)
[2022.06.05-20.44.48:960][  3]LogD3D12RHI: Creating RTPSO with 98 shaders (97 cached, 1 new) took 10.40 ms. Compile time 6.35 ms, link time 3.90 ms.
[2022.06.05-20.45.08:553][346]LogSlate: Window 'Message Log' being destroyed
[2022.06.05-20.45.08:558][346]LogSlate: Window 'Message Log' being destroyed
[2022.06.05-20.45.41:726][431]SourceControl: fatal: F:/Dane/EpicProgram/UE_4.24/Engine/Content: 'F:/Dane/EpicProgram/UE_4.24/Engine/Content' is outside repository at 'F:/Dane/EpicProjects/ZwiadSpecKolo'
[2022.06.05-20.45.54:841][431]LogSlate: Window 'Submit Files' being destroyed
[2022.06.05-20.45.56:554][431]LogSourceControl: commit successful: [testy-budynku b285fcc] teraz są piętra 1 2
[2022.06.05-20.45.56:687][431]SourceControl: [testy-budynku b285fcc] teraz są piętra 1 2
[2022.06.05-20.45.56:687][431]SourceControl:  16 files changed, 0 insertions(+), 0 deletions(-)
[2022.06.05-20.45.56:687][431]SourceControl:  rewrite Content/School/pientra/Bud.uasset (90%)
[2022.06.05-20.45.56:687][431]SourceControl:  create mode 100644 Content/School/pientra/p1/Default_OBJ.uasset
[2022.06.05-20.45.56:687][431]SourceControl:  create mode 100644 Content/School/pientra/p1/Default_OBJ_004.uasset
[2022.06.05-20.45.56:687][431]SourceControl:  create mode 100644 Content/School/pientra/p1/Material_019.uasset
[2022.06.05-20.45.56:687][431]SourceControl:  create mode 100644 Content/School/pientra/p1/Material_020.uasset
[2022.06.05-20.45.56:687][431]SourceControl:  create mode 100644 Content/School/pientra/p1/p1_Cube_003.uasset
[2022.06.05-20.45.56:687][431]SourceControl:  create mode 100644 Content/School/pientra/p1/p1_Cube_004.uasset
[2022.06.05-20.45.56:687][431]SourceControl:  create mode 100644 Content/School/pientra/p1/p1_Person.uasset
[2022.06.05-20.45.56:687][431]SourceControl:  create mode 100644 Content/School/pientra/p2/Default_OBJ.uasset
[2022.06.05-20.45.56:687][431]SourceControl:  create mode 100644 Content/School/pientra/p2/Default_OBJ_005.uasset
[2022.06.05-20.45.56:687][431]SourceControl:  create mode 100644 Content/School/pientra/p2/Material_019.uasset
[2022.06.05-20.45.56:687][431]SourceControl:  create mode 100644 Content/School/pientra/p2/Material_020.uasset
[2022.06.05-20.45.56:687][431]SourceControl:  create mode 100644 Content/School/pientra/p2/p2_Cube_003.uasset
[2022.06.05-20.45.56:687][431]SourceControl:  create mode 100644 Content/School/pientra/p2/p2_Cube_004.uasset
[2022.06.05-20.45.56:687][431]SourceControl:  create mode 100644 Content/School/pientra/p2/p2_Person.uasset
[2022.06.05-20.45.56:699][431]SourceControl: Commited [testy-budynku b285fcc] teraz są piętra 1 2.
[2022.06.05-20.52.39:978][125]LogUObjectHash: Compacting FUObjectHashTables data took   1.26ms
[2022.06.05-20.52.41:324][125]LogSlate: Window 'Delete Assets' being destroyed
[2022.06.05-20.52.41:339][125]LogSlate: Took 0.000111 seconds to synchronously load lazily loaded font '../../../Engine/Content/Slate/Fonts/Roboto-Light.ttf' (167K)
[2022.06.05-20.52.41:504][125]LogUObjectHash: Compacting FUObjectHashTables data took   1.08ms
[2022.06.05-20.52.41:537][125]LogUObjectHash: Compacting FUObjectHashTables data took   1.10ms
[2022.06.05-20.52.41:561][125]LogUObjectHash: Compacting FUObjectHashTables data took   0.58ms
[2022.06.05-20.52.41:713][125]SourceControl: Error: Updated 0 paths from the index
[2022.06.05-20.52.41:815][125]SourceControl: rm 'Content/School/pientra/p2/p2_Cube_003.uasset'
[2022.06.05-20.52.45:822][584]LogUObjectHash: Compacting FUObjectHashTables data took   0.80ms
[2022.06.05-20.52.47:088][584]LogSlate: Window 'Delete Assets' being destroyed
[2022.06.05-20.52.47:274][584]LogUObjectHash: Compacting FUObjectHashTables data took   1.27ms
[2022.06.05-20.52.47:298][584]LogUObjectHash: Compacting FUObjectHashTables data took   0.57ms
[2022.06.05-20.52.47:331][584]LogUObjectHash: Compacting FUObjectHashTables data took   1.21ms
[2022.06.05-20.52.47:354][584]LogUObjectHash: Compacting FUObjectHashTables data took   0.55ms
[2022.06.05-20.52.47:501][584]SourceControl: Error: Updated 0 paths from the index
[2022.06.05-20.52.47:615][584]SourceControl: rm 'Content/School/pientra/p2/p2_Cube_004.uasset'
[2022.06.05-20.52.47:615][584]SourceControl: rm 'Content/School/pientra/p2/p2_Person.uasset'
[2022.06.05-20.52.49:827][822]SourceControl: fatal: F:/Dane/EpicProgram/UE_4.24/Engine/Content: 'F:/Dane/EpicProgram/UE_4.24/Engine/Content' is outside repository at 'F:/Dane/EpicProjects/ZwiadSpecKolo'
[2022.06.05-20.52.57:733][822]LogSlate: Window 'Submit Files' being destroyed
[2022.06.05-20.52.58:327][822]LogSourceControl: commit successful: [testy-budynku f265c48] bez modeli
[2022.06.05-20.52.58:360][822]SourceControl: [testy-budynku f265c48] bez modeli
[2022.06.05-20.52.58:360][822]SourceControl:  3 files changed, 0 insertions(+), 0 deletions(-)
[2022.06.05-20.52.58:360][822]SourceControl:  delete mode 100644 Content/School/pientra/p2/p2_Cube_003.uasset
[2022.06.05-20.52.58:360][822]SourceControl:  delete mode 100644 Content/School/pientra/p2/p2_Cube_004.uasset
[2022.06.05-20.52.58:360][822]SourceControl:  delete mode 100644 Content/School/pientra/p2/p2_Person.uasset
[2022.06.05-20.52.58:372][822]SourceControl: Commited [testy-budynku f265c48] bez modeli.
[2022.06.05-20.53.01:552][147]LogAssetEditorSubsystem: Opening Asset editor for StaticMesh /Game/School/pientra/p2/p2_piętro2.p2_piętro2
[2022.06.05-20.53.02:246][147]LogRenderer: Reallocating scene render targets to support 1404x812 Format 10 NumSamples 1 (Frame:1).
[2022.06.05-20.53.02:246][147]LogSlate: Took 0.000197 seconds to synchronously load lazily loaded font '../../../Engine/Content/Slate/Fonts/Roboto-Italic.ttf' (157K)
[2022.06.05-20.53.10:565][915]LogUObjectHash: Compacting FUObjectHashTables data took   1.12ms
[2022.06.05-20.53.12:176][915]LogSlate: Window 'Delete Assets' being destroyed
[2022.06.05-20.53.12:345][915]LogUObjectHash: Compacting FUObjectHashTables data took   1.36ms
[2022.06.05-20.53.12:369][915]LogUObjectHash: Compacting FUObjectHashTables data took   0.54ms
[2022.06.05-20.53.12:393][915]LogUObjectHash: Compacting FUObjectHashTables data took   0.57ms
[2022.06.05-20.53.12:425][915]LogUObjectHash: Compacting FUObjectHashTables data took   1.18ms
[2022.06.05-20.53.12:448][915]LogUObjectHash: Compacting FUObjectHashTables data took   0.54ms
[2022.06.05-20.53.12:586][915]SourceControl: Error: Updated 0 paths from the index
[2022.06.05-20.53.12:704][915]SourceControl: rm 'Content/School/pientra/p2/Default_OBJ.uasset'
[2022.06.05-20.53.12:704][915]SourceControl: rm 'Content/School/pientra/p2/Material_019.uasset'
[2022.06.05-20.53.12:704][915]SourceControl: rm 'Content/School/pientra/p2/Material_020.uasset'
[2022.06.05-20.53.21:118][782]SourceControl: fatal: F:/Dane/EpicProgram/UE_4.24/Engine/Content: 'F:/Dane/EpicProgram/UE_4.24/Engine/Content' is outside repository at 'F:/Dane/EpicProjects/ZwiadSpecKolo'
[2022.06.05-20.53.27:418][782]LogSlate: Window 'Submit Files' being destroyed
[2022.06.05-20.53.27:897][782]LogSourceControl: commit successful: [testy-budynku 43b4996] bez textur
[2022.06.05-20.53.27:934][782]SourceControl: [testy-budynku 43b4996] bez textur
[2022.06.05-20.53.27:934][782]SourceControl:  3 files changed, 0 insertions(+), 0 deletions(-)
[2022.06.05-20.53.27:934][782]SourceControl:  delete mode 100644 Content/School/pientra/p2/Default_OBJ.uasset
[2022.06.05-20.53.27:934][782]SourceControl:  delete mode 100644 Content/School/pientra/p2/Material_019.uasset
[2022.06.05-20.53.27:934][782]SourceControl:  delete mode 100644 Content/School/pientra/p2/Material_020.uasset
[2022.06.05-20.53.27:946][782]SourceControl: Commited [testy-budynku 43b4996] bez textur.
